********************************************************************************
Product   : Virtuoso(R) XStream Out
Program   : @(#)$CDS: strmout version 6.1.5 12/12/2012 15:27 (sjfdl071) $
          : sub-version  IC6.1.5.500.15 
Started at: 07-Feb-2014  15:13:29
User Name : buet
Host Name : cadence
Directory : /home/buet/cds_work
CADENCE Design Systems, Inc.
********************************************************************************
Info: Cellview Rev Num:99,  Tech Rev Num:59

INFO (XSTRM-217): Reading the layer map file, /home/buet/cadence/gpdk090_v4.6/libs.oa22/gpdk090/gpdk090.layermap
INFO (XSTRM-162): You have not used the viaMap option. If the OpenAccess design has native oaVia instances, use the -viaMap option for preserving oaVia instances in a Stream Out - Stream In round trip. Using the -viaMap option improves performance and VM usage of applications using the Streamed-In design.  For details on the viaMap option, refer to the "Design Data Translator's Reference" guide for XStream.

Summary of Options :
library                                 mylib2
strmFile                                nand2.gds
topCell                                 nand2
view                                    layout
logFile                                 strmOut.log
techLib                                 gpdk090
layerMap                                /home/buet/cadence/gpdk090_v4.6/libs.oa22/gpdk090/gpdk090.layermap
case                                    Preserve
convertDot                              node

INFO (XSTRM-223): 1. Translating cellView gpdk090/M1_POv/layout as STRUCTURE M1_POv_0
INFO (XSTRM-223): 2. Translating cellView gpdk090/M2_M1v/layout as STRUCTURE M2_M1v_1
INFO (XSTRM-223): 3. Translating cellView gpdk090/M2_M1v/layout as STRUCTURE M2_M1v_2
INFO (XSTRM-223): 4. Translating cellView mylib2/nand2/layout as STRUCTURE nand2
INFO (XSTRM-180): You have not used the objectMap option. The design has instance(s) of at least one of following OpenAccess objects: oaBlockage, oaBoundary, oaRow, and oaMarker. Any information about these objects will not be translated into the generated stream file. Use the objectMap option to translate/preserve these objects using XStream. For details on the objectMap option, refer to the "Design Data Translator's Reference" guide for XStream.

Summary of Objects Translated:
	Scalar Instances:                       0
	Array Instances:                        0
	Polygons:                               0
	Paths:                                  0
	Rectangles:                             64
	Lines:                                  0
	Arcs:                                   0
	Donuts:                                 0
	Dots:                                   0
	Ellipses:                               0
	Boundaries:                             0
	Area Blockages:                         0
	Layer Blockages:                        0
	Area Halos:                             0
	Markers:                                0
	Rows:                                   0
	Standard Vias                           8
	Custom Vias:                            0
	Pathsegs:                               11
	Text:                                   0
	Cells:                                  4

Elapsed Time: 0.9s   User Time: 0.5s   CPU Time: 0.7s   Peak VM: 434KB
INFO (XSTRM-234): Translation completed. '0' error(s) and '0' warning(s) found.
